Arguments: 
  C:\Program Files\nodejs\node.exe C:\Users\vicen\AppData\Roaming\npm\node_modules\yarn\bin\yarn.js install

PATH: 
  C:\Program Files (x86)\Common Files\Oracle\Java\javapath;C:\Windows\system32;C:\Windows;C:\Windows\System32\Wbem;C:\Windows\System32\WindowsPowerShell\v1.0\;C:\Windows\System32\OpenSSH\;C:\Program Files\nodejs\;C:\Users\vicen\AppData\Local\Programs\Python\Python310;C:\Users\vicen\AppData\Local\Programs\Python\Python310\Scripts;C:\Program Files\Git\cmd;C:\Program Files\OpenSSL-Win64\bin;C:\Ruby30-x64\bin;C:\Users\vicen\AppData\Local\Microsoft\WindowsApps;;C:\Users\vicen\AppData\Local\Programs\Microsoft VS Code\bin;C:\Users\vicen\AppData\Roaming\npm;C:\Program Files\heroku\bin;C:\Program Files\Inkscape\bin

Yarn version: 
  1.22.19

Node version: 
  16.13.0

Platform: 
  win32 x64

Trace: 
  SyntaxError: C:\Users\vicen\Desktop\portfolio\vicente\package.json: Unexpected token } in JSON at position 187
      at JSON.parse (<anonymous>)
      at C:\Users\vicen\AppData\Roaming\npm\node_modules\yarn\lib\cli.js:1629:59
      at Generator.next (<anonymous>)
      at step (C:\Users\vicen\AppData\Roaming\npm\node_modules\yarn\lib\cli.js:310:30)
      at C:\Users\vicen\AppData\Roaming\npm\node_modules\yarn\lib\cli.js:321:13

npm manifest: 
  {
    "name": "vicente",
    "version": "1.0.0",
    "private": true,
    "scripts": {
      "dev": "nuxt",
      "build": "nuxt build",
      "start": "nuxt start",
      "generate": "nuxt generate",
    },
    "dependencies": {
      "core-js": "^3.19.3",
      "nuxt": "^2.15.8",
      "vue": "^2.6.14",
      "vue-server-renderer": "^2.6.14",
      "vue-template-compiler": "^2.6.14",
      "webpack": "^4.46.0"
    },
    "devDependencies": {
      "sass": "^1.52.3",
      "sass-loader": "10.1.1"
    }
  }

yarn manifest: 
  No manifest

Lockfile: 
  No lockfile
